<?xml version="1.0" encoding="UTF-8"?>
<coverage generated="1664903833313" clover="3.2.0">
  <project timestamp="1664903833314" name="All files">
    <metrics statements="100" coveredstatements="100" conditionals="13" coveredconditionals="12" methods="27" coveredmethods="27" elements="140" coveredelements="139" complexity="0" loc="100" ncloc="100" packages="1" files="2" classes="2"/>
    <file name="makeId.ts" path="C:\Users\Claudia\Documents\obsidian\dev\.obsidian\plugins\TierListForObsidian\src\utils\makeId.ts">
      <metrics statements="6" coveredstatements="6" conditionals="0" coveredconditionals="0" methods="1" coveredmethods="1"/>
      <line num="1" count="1" type="stmt"/>
      <line num="2" count="40" type="stmt"/>
      <line num="4" count="40" type="stmt"/>
      <line num="5" count="40" type="stmt"/>
      <line num="6" count="1000" type="stmt"/>
      <line num="8" count="40" type="stmt"/>
    </file>
    <file name="tierList.ts" path="C:\Users\Claudia\Documents\obsidian\dev\.obsidian\plugins\TierListForObsidian\src\utils\tierList.ts">
      <metrics statements="94" coveredstatements="94" conditionals="13" coveredconditionals="12" methods="26" coveredmethods="26"/>
      <line num="1" count="1" type="stmt"/>
      <line num="3" count="1" type="stmt"/>
      <line num="10" count="23" type="stmt"/>
      <line num="11" count="23" type="stmt"/>
      <line num="12" count="23" type="stmt"/>
      <line num="13" count="23" type="stmt"/>
      <line num="17" count="4" type="stmt"/>
      <line num="18" count="4" type="stmt"/>
      <line num="19" count="4" type="stmt"/>
      <line num="20" count="4" type="stmt"/>
      <line num="24" count="3" type="stmt"/>
      <line num="33" count="1" type="stmt"/>
      <line num="40" count="17" type="stmt"/>
      <line num="41" count="17" type="stmt"/>
      <line num="42" count="17" type="stmt"/>
      <line num="43" count="17" type="stmt"/>
      <line num="47" count="4" type="stmt"/>
      <line num="48" count="4" type="stmt"/>
      <line num="49" count="4" type="cond" truecount="1" falsecount="0"/>
      <line num="50" count="4" type="stmt"/>
      <line num="51" count="4" type="stmt"/>
      <line num="57" count="16" type="cond" truecount="2" falsecount="0"/>
      <line num="58" count="3" type="stmt"/>
      <line num="62" count="16" type="stmt"/>
      <line num="63" count="6" type="stmt"/>
      <line num="64" count="6" type="cond" truecount="1" falsecount="0"/>
      <line num="69" count="1" type="stmt"/>
      <line num="70" count="1" type="stmt"/>
      <line num="71" count="1" type="stmt"/>
      <line num="74" count="1" type="stmt"/>
      <line num="83" count="2" type="stmt"/>
      <line num="84" count="2" type="stmt"/>
      <line num="85" count="2" type="stmt"/>
      <line num="86" count="2" type="stmt"/>
      <line num="87" count="2" type="stmt"/>
      <line num="88" count="2" type="stmt"/>
      <line num="89" count="2" type="stmt"/>
      <line num="90" count="2" type="stmt"/>
      <line num="95" count="1" type="stmt"/>
      <line num="106" count="16" type="stmt"/>
      <line num="107" count="16" type="stmt"/>
      <line num="108" count="16" type="stmt"/>
      <line num="109" count="16" type="stmt"/>
      <line num="110" count="16" type="stmt"/>
      <line num="111" count="16" type="stmt"/>
      <line num="112" count="16" type="stmt"/>
      <line num="116" count="6" type="stmt"/>
      <line num="120" count="15" type="stmt"/>
      <line num="124" count="8" type="cond" truecount="1" falsecount="0"/>
      <line num="125" count="3" type="stmt"/>
      <line num="126" count="3" type="stmt"/>
      <line num="127" count="3" type="cond" truecount="1" falsecount="0"/>
      <line num="128" count="3" type="stmt"/>
      <line num="129" count="3" type="stmt"/>
      <line num="133" count="5" type="stmt"/>
      <line num="134" count="4" type="stmt"/>
      <line num="135" count="4" type="cond" truecount="1" falsecount="0"/>
      <line num="136" count="4" type="stmt"/>
      <line num="142" count="18" type="cond" truecount="2" falsecount="0"/>
      <line num="143" count="2" type="stmt"/>
      <line num="144" count="2" type="stmt"/>
      <line num="146" count="16" type="stmt"/>
      <line num="147" count="22" type="cond" truecount="1" falsecount="0"/>
      <line num="148" count="16" type="stmt"/>
      <line num="149" count="16" type="stmt"/>
      <line num="156" count="1" type="stmt"/>
      <line num="157" count="2" type="stmt"/>
      <line num="158" count="2" type="cond" truecount="1" falsecount="0"/>
      <line num="159" count="1" type="stmt"/>
      <line num="160" count="1" type="stmt"/>
      <line num="171" count="6" type="stmt"/>
      <line num="172" count="6" type="cond" truecount="1" falsecount="0"/>
      <line num="173" count="5" type="stmt"/>
      <line num="177" count="1" type="stmt"/>
      <line num="178" count="1" type="stmt"/>
      <line num="179" count="2" type="stmt"/>
      <line num="181" count="1" type="stmt"/>
      <line num="182" count="1" type="stmt"/>
      <line num="183" count="1" type="stmt"/>
      <line num="185" count="1" type="stmt"/>
      <line num="193" count="2" type="cond" truecount="0" falsecount="1"/>
      <line num="194" count="2" type="stmt"/>
      <line num="195" count="2" type="stmt"/>
      <line num="196" count="2" type="stmt"/>
      <line num="197" count="2" type="stmt"/>
      <line num="198" count="2" type="stmt"/>
      <line num="199" count="2" type="stmt"/>
      <line num="201" count="2" type="stmt"/>
      <line num="202" count="2" type="stmt"/>
      <line num="203" count="2" type="stmt"/>
      <line num="204" count="2" type="stmt"/>
      <line num="205" count="2" type="stmt"/>
      <line num="210" count="1" type="stmt"/>
      <line num="216" count="1" type="stmt"/>
    </file>
  </project>
</coverage>
