{"C:\\Users\\Claudia\\Documents\\obsidian\\dev\\.obsidian\\plugins\\TierListForObsidian\\src\\utils\\makeId.ts": {"path":"C:\\Users\\Claudia\\Documents\\obsidian\\dev\\.obsidian\\plugins\\TierListForObsidian\\src\\utils\\makeId.ts","statementMap":{"0":{"start":{"line":2,"column":11},"end":{"line":2,"column":13}},"1":{"start":{"line":4,"column":2},"end":{"line":4,"column":66}},"2":{"start":{"line":5,"column":1},"end":{"line":7,"column":null}},"3":{"start":{"line":5,"column":14},"end":{"line":5,"column":15}},"4":{"start":{"line":6,"column":2},"end":{"line":6,"column":68}},"5":{"start":{"line":8,"column":1},"end":{"line":8,"column":12}},"6":{"start":{"line":1,"column":0},"end":{"line":1,"column":24}}},"fnMap":{"0":{"name":"makeid","decl":{"start":{"line":1,"column":24},"end":{"line":1,"column":30}},"loc":{"start":{"line":1,"column":45},"end":{"line":9,"column":1}}}},"branchMap":{},"s":{"0":40,"1":40,"2":40,"3":40,"4":1000,"5":40,"6":1},"f":{"0":40},"b":{}}
,"C:\\Users\\Claudia\\Documents\\obsidian\\dev\\.obsidian\\plugins\\TierListForObsidian\\src\\utils\\tierList.ts": {"path":"C:\\Users\\Claudia\\Documents\\obsidian\\dev\\.obsidian\\plugins\\TierListForObsidian\\src\\utils\\tierList.ts","statementMap":{"0":{"start":{"line":1,"column":0},"end":{"line":1,"column":30}},"1":{"start":{"line":10,"column":2},"end":{"line":10,"column":23}},"2":{"start":{"line":11,"column":2},"end":{"line":11,"column":21}},"3":{"start":{"line":12,"column":2},"end":{"line":12,"column":19}},"4":{"start":{"line":13,"column":2},"end":{"line":13,"column":17}},"5":{"start":{"line":17,"column":2},"end":{"line":17,"column":20}},"6":{"start":{"line":18,"column":2},"end":{"line":18,"column":26}},"7":{"start":{"line":19,"column":2},"end":{"line":19,"column":22}},"8":{"start":{"line":20,"column":2},"end":{"line":20,"column":24}},"9":{"start":{"line":24,"column":2},"end":{"line":29,"column":4}},"10":{"start":{"line":3,"column":0},"end":{"line":3,"column":13}},"11":{"start":{"line":40,"column":2},"end":{"line":40,"column":23}},"12":{"start":{"line":41,"column":2},"end":{"line":41,"column":25}},"13":{"start":{"line":42,"column":2},"end":{"line":42,"column":21}},"14":{"start":{"line":43,"column":2},"end":{"line":43,"column":30}},"15":{"start":{"line":47,"column":2},"end":{"line":53,"column":null}},"16":{"start":{"line":47,"column":15},"end":{"line":47,"column":16}},"17":{"start":{"line":48,"column":17},"end":{"line":48,"column":33}},"18":{"start":{"line":49,"column":3},"end":{"line":52,"column":null}},"19":{"start":{"line":50,"column":4},"end":{"line":50,"column":31}},"20":{"start":{"line":51,"column":4},"end":{"line":51,"column":17}},"21":{"start":{"line":57,"column":2},"end":{"line":58,"column":49}},"22":{"start":{"line":57,"column":27},"end":{"line":57,"column":53}},"23":{"start":{"line":58,"column":7},"end":{"line":58,"column":49}},"24":{"start":{"line":62,"column":2},"end":{"line":65,"column":null}},"25":{"start":{"line":62,"column":15},"end":{"line":62,"column":16}},"26":{"start":{"line":63,"column":19},"end":{"line":63,"column":35}},"27":{"start":{"line":64,"column":3},"end":{"line":64,"column":40}},"28":{"start":{"line":64,"column":31},"end":{"line":64,"column":40}},"29":{"start":{"line":69,"column":43},"end":{"line":69,"column":54}},"30":{"start":{"line":70,"column":2},"end":{"line":72,"column":5}},"31":{"start":{"line":71,"column":3},"end":{"line":71,"column":27}},"32":{"start":{"line":74,"column":2},"end":{"line":79,"column":4}},"33":{"start":{"line":83,"column":2},"end":{"line":83,"column":20}},"34":{"start":{"line":84,"column":2},"end":{"line":84,"column":24}},"35":{"start":{"line":85,"column":2},"end":{"line":85,"column":26}},"36":{"start":{"line":86,"column":2},"end":{"line":86,"column":30}},"37":{"start":{"line":87,"column":2},"end":{"line":91,"column":5}},"38":{"start":{"line":88,"column":13},"end":{"line":88,"column":30}},"39":{"start":{"line":89,"column":3},"end":{"line":89,"column":19}},"40":{"start":{"line":90,"column":3},"end":{"line":90,"column":25}},"41":{"start":{"line":33,"column":0},"end":{"line":33,"column":13}},"42":{"start":{"line":106,"column":2},"end":{"line":106,"column":29}},"43":{"start":{"line":107,"column":2},"end":{"line":107,"column":27}},"44":{"start":{"line":108,"column":2},"end":{"line":108,"column":27}},"45":{"start":{"line":109,"column":2},"end":{"line":109,"column":26}},"46":{"start":{"line":110,"column":2},"end":{"line":110,"column":30}},"47":{"start":{"line":111,"column":2},"end":{"line":111,"column":30}},"48":{"start":{"line":112,"column":2},"end":{"line":112,"column":29}},"49":{"start":{"line":116,"column":2},"end":{"line":116,"column":40}},"50":{"start":{"line":120,"column":2},"end":{"line":120,"column":30}},"51":{"start":{"line":124,"column":2},"end":{"line":132,"column":null}},"52":{"start":{"line":125,"column":3},"end":{"line":131,"column":null}},"53":{"start":{"line":125,"column":16},"end":{"line":125,"column":17}},"54":{"start":{"line":126,"column":18},"end":{"line":126,"column":31}},"55":{"start":{"line":127,"column":4},"end":{"line":130,"column":null}},"56":{"start":{"line":128,"column":5},"end":{"line":128,"column":29}},"57":{"start":{"line":129,"column":5},"end":{"line":129,"column":18}},"58":{"start":{"line":133,"column":2},"end":{"line":138,"column":null}},"59":{"start":{"line":133,"column":15},"end":{"line":133,"column":16}},"60":{"start":{"line":134,"column":16},"end":{"line":134,"column":29}},"61":{"start":{"line":135,"column":3},"end":{"line":137,"column":null}},"62":{"start":{"line":136,"column":4},"end":{"line":136,"column":37}},"63":{"start":{"line":142,"column":2},"end":{"line":152,"column":null}},"64":{"start":{"line":143,"column":3},"end":{"line":143,"column":26}},"65":{"start":{"line":144,"column":3},"end":{"line":144,"column":10}},"66":{"start":{"line":146,"column":3},"end":{"line":151,"column":6}},"67":{"start":{"line":147,"column":4},"end":{"line":150,"column":null}},"68":{"start":{"line":148,"column":26},"end":{"line":148,"column":55}},"69":{"start":{"line":149,"column":5},"end":{"line":149,"column":40}},"70":{"start":{"line":156,"column":2},"end":{"line":162,"column":null}},"71":{"start":{"line":156,"column":15},"end":{"line":156,"column":16}},"72":{"start":{"line":157,"column":16},"end":{"line":157,"column":29}},"73":{"start":{"line":158,"column":3},"end":{"line":161,"column":null}},"74":{"start":{"line":159,"column":4},"end":{"line":159,"column":28}},"75":{"start":{"line":160,"column":4},"end":{"line":160,"column":10}},"76":{"start":{"line":171,"column":16},"end":{"line":171,"column":54}},"77":{"start":{"line":172,"column":2},"end":{"line":172,"column":34}},"78":{"start":{"line":172,"column":27},"end":{"line":172,"column":34}},"79":{"start":{"line":173,"column":2},"end":{"line":173,"column":54}},"80":{"start":{"line":177,"column":40},"end":{"line":177,"column":51}},"81":{"start":{"line":178,"column":2},"end":{"line":180,"column":5}},"82":{"start":{"line":179,"column":3},"end":{"line":179,"column":30}},"83":{"start":{"line":181,"column":39},"end":{"line":181,"column":50}},"84":{"start":{"line":182,"column":2},"end":{"line":184,"column":5}},"85":{"start":{"line":183,"column":3},"end":{"line":183,"column":30}},"86":{"start":{"line":185,"column":2},"end":{"line":189,"column":4}},"87":{"start":{"line":193,"column":2},"end":{"line":193,"column":38}},"88":{"start":{"line":193,"column":31},"end":{"line":193,"column":38}},"89":{"start":{"line":194,"column":2},"end":{"line":194,"column":24}},"90":{"start":{"line":195,"column":2},"end":{"line":195,"column":27}},"91":{"start":{"line":196,"column":2},"end":{"line":200,"column":5}},"92":{"start":{"line":197,"column":13},"end":{"line":197,"column":30}},"93":{"start":{"line":198,"column":3},"end":{"line":198,"column":19}},"94":{"start":{"line":199,"column":3},"end":{"line":199,"column":22}},"95":{"start":{"line":201,"column":2},"end":{"line":201,"column":27}},"96":{"start":{"line":202,"column":2},"end":{"line":206,"column":5}},"97":{"start":{"line":203,"column":13},"end":{"line":203,"column":23}},"98":{"start":{"line":204,"column":3},"end":{"line":204,"column":19}},"99":{"start":{"line":205,"column":3},"end":{"line":205,"column":22}},"100":{"start":{"line":210,"column":2},"end":{"line":215,"column":4}},"101":{"start":{"line":216,"column":2},"end":{"line":216,"column":13}},"102":{"start":{"line":95,"column":0},"end":{"line":95,"column":21}}},"fnMap":{"0":{"name":"(anonymous_0)","decl":{"start":{"line":9,"column":1},"end":{"line":9,"column":13}},"loc":{"start":{"line":9,"column":38},"end":{"line":14,"column":2}}},"1":{"name":"(anonymous_1)","decl":{"start":{"line":16,"column":1},"end":{"line":16,"column":5}},"loc":{"start":{"line":16,"column":27},"end":{"line":21,"column":2}}},"2":{"name":"(anonymous_2)","decl":{"start":{"line":23,"column":1},"end":{"line":23,"column":5}},"loc":{"start":{"line":23,"column":5},"end":{"line":30,"column":2}}},"3":{"name":"(anonymous_3)","decl":{"start":{"line":39,"column":1},"end":{"line":39,"column":null}},"loc":{"start":{"line":39,"column":1},"end":{"line":44,"column":2}}},"4":{"name":"(anonymous_4)","decl":{"start":{"line":46,"column":1},"end":{"line":46,"column":12}},"loc":{"start":{"line":46,"column":28},"end":{"line":54,"column":2}}},"5":{"name":"(anonymous_5)","decl":{"start":{"line":56,"column":1},"end":{"line":56,"column":9}},"loc":{"start":{"line":56,"column":49},"end":{"line":59,"column":2}}},"6":{"name":"(anonymous_6)","decl":{"start":{"line":61,"column":1},"end":{"line":61,"column":14}},"loc":{"start":{"line":61,"column":30},"end":{"line":66,"column":2}}},"7":{"name":"(anonymous_7)","decl":{"start":{"line":68,"column":1},"end":{"line":68,"column":5}},"loc":{"start":{"line":68,"column":5},"end":{"line":80,"column":2}}},"8":{"name":"(anonymous_8)","decl":{"start":{"line":70,"column":24},"end":{"line":70,"column":25}},"loc":{"start":{"line":70,"column":30},"end":{"line":72,"column":3}}},"9":{"name":"(anonymous_9)","decl":{"start":{"line":82,"column":1},"end":{"line":82,"column":5}},"loc":{"start":{"line":82,"column":26},"end":{"line":92,"column":2}}},"10":{"name":"(anonymous_10)","decl":{"start":{"line":87,"column":24},"end":{"line":87,"column":25}},"loc":{"start":{"line":87,"column":36},"end":{"line":91,"column":3}}},"11":{"name":"(anonymous_11)","decl":{"start":{"line":105,"column":1},"end":{"line":105,"column":null}},"loc":{"start":{"line":105,"column":1},"end":{"line":113,"column":2}}},"12":{"name":"(anonymous_12)","decl":{"start":{"line":115,"column":1},"end":{"line":115,"column":9}},"loc":{"start":{"line":115,"column":35},"end":{"line":117,"column":2}}},"13":{"name":"(anonymous_13)","decl":{"start":{"line":119,"column":1},"end":{"line":119,"column":8}},"loc":{"start":{"line":119,"column":8},"end":{"line":121,"column":2}}},"14":{"name":"(anonymous_14)","decl":{"start":{"line":123,"column":1},"end":{"line":123,"column":12}},"loc":{"start":{"line":123,"column":44},"end":{"line":139,"column":2}}},"15":{"name":"(anonymous_15)","decl":{"start":{"line":141,"column":1},"end":{"line":141,"column":11}},"loc":{"start":{"line":141,"column":61},"end":{"line":153,"column":2}}},"16":{"name":"(anonymous_16)","decl":{"start":{"line":146,"column":22},"end":{"line":146,"column":23}},"loc":{"start":{"line":146,"column":31},"end":{"line":151,"column":4}}},"17":{"name":"(anonymous_17)","decl":{"start":{"line":155,"column":1},"end":{"line":155,"column":11}},"loc":{"start":{"line":155,"column":26},"end":{"line":163,"column":2}}},"18":{"name":"(anonymous_18)","decl":{"start":{"line":165,"column":1},"end":{"line":165,"column":10}},"loc":{"start":{"line":169,"column":22},"end":{"line":174,"column":2}}},"19":{"name":"(anonymous_19)","decl":{"start":{"line":176,"column":1},"end":{"line":176,"column":5}},"loc":{"start":{"line":176,"column":5},"end":{"line":190,"column":2}}},"20":{"name":"(anonymous_20)","decl":{"start":{"line":178,"column":21},"end":{"line":178,"column":22}},"loc":{"start":{"line":178,"column":33},"end":{"line":180,"column":3}}},"21":{"name":"(anonymous_21)","decl":{"start":{"line":182,"column":21},"end":{"line":182,"column":22}},"loc":{"start":{"line":182,"column":33},"end":{"line":184,"column":3}}},"22":{"name":"(anonymous_22)","decl":{"start":{"line":192,"column":1},"end":{"line":192,"column":5}},"loc":{"start":{"line":192,"column":30},"end":{"line":207,"column":2}}},"23":{"name":"(anonymous_23)","decl":{"start":{"line":196,"column":21},"end":{"line":196,"column":22}},"loc":{"start":{"line":196,"column":33},"end":{"line":200,"column":3}}},"24":{"name":"(anonymous_24)","decl":{"start":{"line":202,"column":21},"end":{"line":202,"column":22}},"loc":{"start":{"line":202,"column":33},"end":{"line":206,"column":3}}},"25":{"name":"(anonymous_25)","decl":{"start":{"line":209,"column":1},"end":{"line":209,"column":5}},"loc":{"start":{"line":209,"column":24},"end":{"line":217,"column":2}}}},"branchMap":{"0":{"loc":{"start":{"line":49,"column":3},"end":{"line":52,"column":null}},"type":"if","locations":[{"start":{"line":49,"column":3},"end":{"line":52,"column":null}}]},"1":{"loc":{"start":{"line":57,"column":2},"end":{"line":58,"column":49}},"type":"if","locations":[{"start":{"line":57,"column":2},"end":{"line":58,"column":49}},{"start":{"line":58,"column":7},"end":{"line":58,"column":49}}]},"2":{"loc":{"start":{"line":64,"column":3},"end":{"line":64,"column":40}},"type":"if","locations":[{"start":{"line":64,"column":3},"end":{"line":64,"column":40}}]},"3":{"loc":{"start":{"line":124,"column":2},"end":{"line":132,"column":null}},"type":"if","locations":[{"start":{"line":124,"column":2},"end":{"line":132,"column":null}}]},"4":{"loc":{"start":{"line":127,"column":4},"end":{"line":130,"column":null}},"type":"if","locations":[{"start":{"line":127,"column":4},"end":{"line":130,"column":null}}]},"5":{"loc":{"start":{"line":135,"column":3},"end":{"line":137,"column":null}},"type":"if","locations":[{"start":{"line":135,"column":3},"end":{"line":137,"column":null}}]},"6":{"loc":{"start":{"line":142,"column":2},"end":{"line":152,"column":null}},"type":"if","locations":[{"start":{"line":142,"column":2},"end":{"line":152,"column":null}},{"start":{"line":145,"column":9},"end":{"line":152,"column":null}}]},"7":{"loc":{"start":{"line":147,"column":4},"end":{"line":150,"column":null}},"type":"if","locations":[{"start":{"line":147,"column":4},"end":{"line":150,"column":null}}]},"8":{"loc":{"start":{"line":158,"column":3},"end":{"line":161,"column":null}},"type":"if","locations":[{"start":{"line":158,"column":3},"end":{"line":161,"column":null}}]},"9":{"loc":{"start":{"line":172,"column":2},"end":{"line":172,"column":34}},"type":"if","locations":[{"start":{"line":172,"column":2},"end":{"line":172,"column":34}}]},"10":{"loc":{"start":{"line":193,"column":2},"end":{"line":193,"column":38}},"type":"if","locations":[{"start":{"line":193,"column":2},"end":{"line":193,"column":38}}]}},"s":{"0":1,"1":23,"2":23,"3":23,"4":23,"5":4,"6":4,"7":4,"8":4,"9":3,"10":1,"11":17,"12":17,"13":17,"14":17,"15":4,"16":4,"17":4,"18":4,"19":4,"20":4,"21":16,"22":13,"23":3,"24":16,"25":16,"26":6,"27":6,"28":3,"29":1,"30":1,"31":1,"32":1,"33":2,"34":2,"35":2,"36":2,"37":2,"38":2,"39":2,"40":2,"41":1,"42":16,"43":16,"44":16,"45":16,"46":16,"47":16,"48":16,"49":6,"50":15,"51":8,"52":3,"53":3,"54":3,"55":3,"56":3,"57":3,"58":5,"59":5,"60":4,"61":4,"62":4,"63":18,"64":2,"65":2,"66":16,"67":22,"68":16,"69":16,"70":1,"71":1,"72":2,"73":2,"74":1,"75":1,"76":6,"77":6,"78":1,"79":5,"80":1,"81":1,"82":2,"83":1,"84":1,"85":1,"86":1,"87":2,"88":0,"89":2,"90":2,"91":2,"92":2,"93":2,"94":2,"95":2,"96":2,"97":2,"98":2,"99":2,"100":1,"101":1,"102":1},"f":{"0":23,"1":4,"2":3,"3":17,"4":4,"5":16,"6":16,"7":1,"8":1,"9":2,"10":2,"11":16,"12":6,"13":15,"14":8,"15":18,"16":22,"17":1,"18":6,"19":1,"20":2,"21":1,"22":2,"23":2,"24":2,"25":1},"b":{"0":[4],"1":[13,3],"2":[3],"3":[3],"4":[3],"5":[4],"6":[2,16],"7":[16],"8":[1],"9":[1],"10":[0]}}
}
