TN:
SF:src\utils\makeId.ts
FN:1,makeid
FNF:1
FNH:1
FNDA:40,makeid
DA:1,1
DA:2,40
DA:4,40
DA:5,40
DA:6,1000
DA:8,40
LF:6
LH:6
BRF:0
BRH:0
end_of_record
TN:
SF:src\utils\tierList.ts
FN:9,(anonymous_0)
FN:16,(anonymous_1)
FN:23,(anonymous_2)
FN:39,(anonymous_3)
FN:46,(anonymous_4)
FN:56,(anonymous_5)
FN:61,(anonymous_6)
FN:68,(anonymous_7)
FN:70,(anonymous_8)
FN:82,(anonymous_9)
FN:87,(anonymous_10)
FN:105,(anonymous_11)
FN:115,(anonymous_12)
FN:119,(anonymous_13)
FN:123,(anonymous_14)
FN:141,(anonymous_15)
FN:146,(anonymous_16)
FN:155,(anonymous_17)
FN:165,(anonymous_18)
FN:176,(anonymous_19)
FN:178,(anonymous_20)
FN:182,(anonymous_21)
FN:192,(anonymous_22)
FN:196,(anonymous_23)
FN:202,(anonymous_24)
FN:209,(anonymous_25)
FNF:26
FNH:26
FNDA:23,(anonymous_0)
FNDA:4,(anonymous_1)
FNDA:3,(anonymous_2)
FNDA:17,(anonymous_3)
FNDA:4,(anonymous_4)
FNDA:16,(anonymous_5)
FNDA:16,(anonymous_6)
FNDA:1,(anonymous_7)
FNDA:1,(anonymous_8)
FNDA:2,(anonymous_9)
FNDA:2,(anonymous_10)
FNDA:16,(anonymous_11)
FNDA:6,(anonymous_12)
FNDA:15,(anonymous_13)
FNDA:8,(anonymous_14)
FNDA:18,(anonymous_15)
FNDA:22,(anonymous_16)
FNDA:1,(anonymous_17)
FNDA:6,(anonymous_18)
FNDA:1,(anonymous_19)
FNDA:2,(anonymous_20)
FNDA:1,(anonymous_21)
FNDA:2,(anonymous_22)
FNDA:2,(anonymous_23)
FNDA:2,(anonymous_24)
FNDA:1,(anonymous_25)
DA:1,1
DA:3,1
DA:10,23
DA:11,23
DA:12,23
DA:13,23
DA:17,4
DA:18,4
DA:19,4
DA:20,4
DA:24,3
DA:33,1
DA:40,17
DA:41,17
DA:42,17
DA:43,17
DA:47,4
DA:48,4
DA:49,4
DA:50,4
DA:51,4
DA:57,16
DA:58,3
DA:62,16
DA:63,6
DA:64,6
DA:69,1
DA:70,1
DA:71,1
DA:74,1
DA:83,2
DA:84,2
DA:85,2
DA:86,2
DA:87,2
DA:88,2
DA:89,2
DA:90,2
DA:95,1
DA:106,16
DA:107,16
DA:108,16
DA:109,16
DA:110,16
DA:111,16
DA:112,16
DA:116,6
DA:120,15
DA:124,8
DA:125,3
DA:126,3
DA:127,3
DA:128,3
DA:129,3
DA:133,5
DA:134,4
DA:135,4
DA:136,4
DA:142,18
DA:143,2
DA:144,2
DA:146,16
DA:147,22
DA:148,16
DA:149,16
DA:156,1
DA:157,2
DA:158,2
DA:159,1
DA:160,1
DA:171,6
DA:172,6
DA:173,5
DA:177,1
DA:178,1
DA:179,2
DA:181,1
DA:182,1
DA:183,1
DA:185,1
DA:193,2
DA:194,2
DA:195,2
DA:196,2
DA:197,2
DA:198,2
DA:199,2
DA:201,2
DA:202,2
DA:203,2
DA:204,2
DA:205,2
DA:210,1
DA:216,1
LF:94
LH:94
BRDA:49,0,0,4
BRDA:57,1,0,13
BRDA:57,1,1,3
BRDA:64,2,0,3
BRDA:124,3,0,3
BRDA:127,4,0,3
BRDA:135,5,0,4
BRDA:142,6,0,2
BRDA:142,6,1,16
BRDA:147,7,0,16
BRDA:158,8,0,1
BRDA:172,9,0,1
BRDA:193,10,0,0
BRF:13
BRH:12
end_of_record
